<?xml version="1.0" encoding="UTF-8"?>
<!-- Generated by org.testng.reporters.JUnitReportReporter -->
<testsuite hostname="DESKTOP-6LJO1BM" name="com.appium.hefanlive.TestCase" tests="1" failures="0" timestamp="13 Feb 2017 09:07:09 GMT" time="99.353" errors="0">
  <testcase name="start" time="99.353" classname="com.appium.hefanlive.TestCase"/>
</testsuite> <!-- com.appium.hefanlive.TestCase -->
